[0m23:06:06.290324 [debug] [MainThread]: Sending event: {'category': 'dbt', 'action': 'invocation', 'label': 'start', 'context': [<snowplow_tracker.self_describing_json.SelfDescribingJson object at 0x7f4afe682b20>, <snowplow_tracker.self_describing_json.SelfDescribingJson object at 0x7f4afd8072b0>, <snowplow_tracker.self_describing_json.SelfDescribingJson object at 0x7f4afd807250>]}


============================== 23:06:06.295032 | 98ebd0d7-0c0c-40b1-9028-279461664471 ==============================
[0m23:06:06.295032 [info ] [MainThread]: Running with dbt=1.9.4
[0m23:06:06.295775 [debug] [MainThread]: running dbt with arguments {'printer_width': '80', 'indirect_selection': 'eager', 'log_cache_events': 'False', 'write_json': 'True', 'partial_parse': 'True', 'cache_selected_only': 'False', 'profiles_dir': '/home/calvin/.dbt', 'debug': 'False', 'fail_fast': 'False', 'log_path': 'logs', 'version_check': 'True', 'warn_error': 'None', 'use_colors': 'True', 'use_experimental_parser': 'False', 'empty': 'None', 'quiet': 'False', 'no_print': 'None', 'log_format': 'default', 'invocation_command': 'dbt init weather_dbt', 'static_parser': 'True', 'warn_error_options': 'WarnErrorOptions(include=[], exclude=[])', 'target_path': 'None', 'introspect': 'True', 'send_anonymous_usage_stats': 'True'}
[0m23:06:06.304459 [warn ] [MainThread]: [ConfigFolderDirectory]: Unable to parse logging event dictionary. Failed to parse dir field: expected string or bytes-like object.. Dictionary: {'dir': PosixPath('/home/calvin/.dbt')}
[0m23:06:06.305017 [info ] [MainThread]: Creating dbt configuration folder at 
[0m23:06:06.306378 [debug] [MainThread]: Starter project path: /home/calvin/.local/lib/python3.9/site-packages/dbt/include/starter_project
[0m23:06:06.310990 [info ] [MainThread]: 
Your new dbt project "weather_dbt" was created!

For more information on how to configure the profiles.yml file,
please consult the dbt documentation here:

  https://docs.getdbt.com/docs/configure-your-profile

One more thing:

Need help? Don't hesitate to reach out to us via GitHub issues or on Slack:

  https://community.getdbt.com/

Happy modeling!

[0m23:06:06.311527 [info ] [MainThread]: Setting up your profile.
[0m23:07:00.674697 [info ] [MainThread]: Profile weather_dbt written to /home/calvin/.dbt/profiles.yml using target's profile_template.yml and your supplied values. Run 'dbt debug' to validate the connection.
[0m23:07:00.676272 [debug] [MainThread]: Resource report: {"command_name": "init", "command_success": true, "command_wall_clock_time": 54.451626, "process_in_blocks": "424", "process_kernel_time": 0.253127, "process_mem_max_rss": "204988", "process_out_blocks": "80", "process_user_time": 2.457548}
[0m23:07:00.676918 [debug] [MainThread]: Command `dbt init` succeeded at 23:07:00.676762 after 54.45 seconds
[0m23:07:00.677400 [debug] [MainThread]: Sending event: {'category': 'dbt', 'action': 'invocation', 'label': 'end', 'context': [<snowplow_tracker.self_describing_json.SelfDescribingJson object at 0x7f4afe682b20>, <snowplow_tracker.self_describing_json.SelfDescribingJson object at 0x7f4afde9db80>, <snowplow_tracker.self_describing_json.SelfDescribingJson object at 0x7f4ae23c40d0>]}
[0m23:07:00.677922 [debug] [MainThread]: Flushing usage events
[0m23:07:01.028574 [debug] [MainThread]: An error was encountered while trying to flush usage events
[0m23:07:11.336405 [debug] [MainThread]: Sending event: {'category': 'dbt', 'action': 'invocation', 'label': 'start', 'context': [<snowplow_tracker.self_describing_json.SelfDescribingJson object at 0x7fe591e02ac0>, <snowplow_tracker.self_describing_json.SelfDescribingJson object at 0x7fe590f91d30>, <snowplow_tracker.self_describing_json.SelfDescribingJson object at 0x7fe590f91dc0>]}


============================== 23:07:11.341019 | 28bf267d-9ecc-418e-a332-740a1fcaae70 ==============================
[0m23:07:11.341019 [info ] [MainThread]: Running with dbt=1.9.4
[0m23:07:11.341730 [debug] [MainThread]: running dbt with arguments {'printer_width': '80', 'indirect_selection': 'eager', 'log_cache_events': 'False', 'write_json': 'True', 'partial_parse': 'True', 'cache_selected_only': 'False', 'profiles_dir': '/home/calvin/.dbt', 'version_check': 'True', 'debug': 'False', 'log_path': 'logs', 'fail_fast': 'False', 'warn_error': 'None', 'use_colors': 'True', 'use_experimental_parser': 'False', 'no_print': 'None', 'quiet': 'False', 'empty': 'None', 'warn_error_options': 'WarnErrorOptions(include=[], exclude=[])', 'introspect': 'True', 'invocation_command': 'dbt debug', 'static_parser': 'True', 'target_path': 'None', 'log_format': 'default', 'send_anonymous_usage_stats': 'True'}
[0m23:07:11.350573 [info ] [MainThread]: dbt version: 1.9.4
[0m23:07:11.351128 [info ] [MainThread]: python version: 3.9.21
[0m23:07:11.351504 [info ] [MainThread]: python path: /usr/bin/python3
[0m23:07:11.351944 [info ] [MainThread]: os info: Linux-5.14.0-503.38.1.el9_5.x86_64-x86_64-with-glibc2.34
[0m23:07:12.096745 [info ] [MainThread]: Using profiles dir at /home/calvin/.dbt
[0m23:07:12.097608 [info ] [MainThread]: Using profiles.yml file at /home/calvin/.dbt/profiles.yml
[0m23:07:12.098102 [info ] [MainThread]: Using dbt_project.yml file at /home/calvin/projects/zoomcamp/DE-ZoomCamp/dbt/dbt_project.yml
[0m23:07:12.098534 [info ] [MainThread]: adapter type: bigquery
[0m23:07:12.098955 [info ] [MainThread]: adapter version: 1.9.1
[0m23:07:12.099423 [info ] [MainThread]: Configuration:
[0m23:07:12.099839 [info ] [MainThread]:   profiles.yml file [[32mOK found and valid[0m]
[0m23:07:12.100227 [info ] [MainThread]:   dbt_project.yml file [[31mERROR not found[0m]
[0m23:07:12.100609 [info ] [MainThread]: Required dependencies:
[0m23:07:12.101058 [debug] [MainThread]: Executing "git --help"
[0m23:07:12.113119 [debug] [MainThread]: STDOUT: "b"usage: git [-v | --version] [-h | --help] [-C <path>] [-c <name>=<value>]\n           [--exec-path[=<path>]] [--html-path] [--man-path] [--info-path]\n           [-p | --paginate | -P | --no-pager] [--no-replace-objects] [--bare]\n           [--git-dir=<path>] [--work-tree=<path>] [--namespace=<name>]\n           [--config-env=<name>=<envvar>] <command> [<args>]\n\nThese are common Git commands used in various situations:\n\nstart a working area (see also: git help tutorial)\n   clone     Clone a repository into a new directory\n   init      Create an empty Git repository or reinitialize an existing one\n\nwork on the current change (see also: git help everyday)\n   add       Add file contents to the index\n   mv        Move or rename a file, a directory, or a symlink\n   restore   Restore working tree files\n   rm        Remove files from the working tree and from the index\n\nexamine the history and state (see also: git help revisions)\n   bisect    Use binary search to find the commit that introduced a bug\n   diff      Show changes between commits, commit and working tree, etc\n   grep      Print lines matching a pattern\n   log       Show commit logs\n   show      Show various types of objects\n   status    Show the working tree status\n\ngrow, mark and tweak your common history\n   branch    List, create, or delete branches\n   commit    Record changes to the repository\n   merge     Join two or more development histories together\n   rebase    Reapply commits on top of another base tip\n   reset     Reset current HEAD to the specified state\n   switch    Switch branches\n   tag       Create, list, delete or verify a tag object signed with GPG\n\ncollaborate (see also: git help workflows)\n   fetch     Download objects and refs from another repository\n   pull      Fetch from and integrate with another repository or a local branch\n   push      Update remote refs along with associated objects\n\n'git help -a' and 'git help -g' list available subcommands and some\nconcept guides. See 'git help <command>' or 'git help <concept>'\nto read about a specific subcommand or concept.\nSee 'git help git' for an overview of the system.\n""
[0m23:07:12.114208 [debug] [MainThread]: STDERR: "b''"
[0m23:07:12.114658 [info ] [MainThread]:  - git [[32mOK found[0m]

[0m23:07:12.115231 [info ] [MainThread]: Connection:
[0m23:07:12.115887 [info ] [MainThread]:   method: oauth
[0m23:07:12.116357 [info ] [MainThread]:   database: de-zoomcamp-p3-gsod
[0m23:07:12.116952 [info ] [MainThread]:   execution_project: de-zoomcamp-p3-gsod
[0m23:07:12.117343 [info ] [MainThread]:   schema: weather_dataset
[0m23:07:12.117889 [info ] [MainThread]:   location: US
[0m23:07:12.118442 [info ] [MainThread]:   priority: interactive
[0m23:07:12.118911 [info ] [MainThread]:   maximum_bytes_billed: None
[0m23:07:12.119326 [info ] [MainThread]:   impersonate_service_account: None
[0m23:07:12.119844 [info ] [MainThread]:   job_retry_deadline_seconds: None
[0m23:07:12.120312 [info ] [MainThread]:   job_retries: 1
[0m23:07:12.120789 [info ] [MainThread]:   job_creation_timeout_seconds: None
[0m23:07:12.121267 [info ] [MainThread]:   job_execution_timeout_seconds: 300
[0m23:07:12.121758 [info ] [MainThread]:   timeout_seconds: 300
[0m23:07:12.122161 [info ] [MainThread]:   client_id: None
[0m23:07:12.122517 [info ] [MainThread]:   token_uri: None
[0m23:07:12.122987 [info ] [MainThread]:   dataproc_region: None
[0m23:07:12.123348 [info ] [MainThread]:   dataproc_cluster_name: None
[0m23:07:12.123709 [info ] [MainThread]:   gcs_bucket: None
[0m23:07:12.124095 [info ] [MainThread]:   dataproc_batch: None
[0m23:07:12.125006 [info ] [MainThread]: Registered adapter: bigquery=1.9.1
[0m23:07:12.278002 [debug] [MainThread]: Acquiring new bigquery connection 'debug'
[0m23:07:12.278842 [debug] [MainThread]: On debug: select 1 as id
[0m23:07:12.279332 [debug] [MainThread]: Opening a new connection, currently in state init
[0m23:07:14.109277 [debug] [MainThread]: BigQuery adapter: https://console.cloud.google.com/bigquery?project=de-zoomcamp-p3-gsod&j=bq:US:46cfc72c-3b7b-4d6d-ad21-fa455fa12793&page=queryresults
[0m23:07:14.533041 [info ] [MainThread]:   Connection test: [[32mOK connection ok[0m]

[0m23:07:14.533766 [info ] [MainThread]: [31m1 check failed:[0m
[0m23:07:14.534212 [info ] [MainThread]: Project loading failed for the following reason:
 project path </home/calvin/projects/zoomcamp/DE-ZoomCamp/dbt/dbt_project.yml> not found

[0m23:07:14.535439 [debug] [MainThread]: Resource report: {"command_name": "debug", "command_success": false, "command_wall_clock_time": 3.2707825, "process_in_blocks": "48", "process_kernel_time": 0.329232, "process_mem_max_rss": "211512", "process_out_blocks": "32", "process_user_time": 2.593804}
[0m23:07:14.536064 [debug] [MainThread]: Command `dbt debug` failed at 23:07:14.535912 after 3.27 seconds
[0m23:07:14.536592 [debug] [MainThread]: Connection 'debug' was properly closed.
[0m23:07:14.537105 [debug] [MainThread]: Sending event: {'category': 'dbt', 'action': 'invocation', 'label': 'end', 'context': [<snowplow_tracker.self_describing_json.SelfDescribingJson object at 0x7fe591e02ac0>, <snowplow_tracker.self_describing_json.SelfDescribingJson object at 0x7fe575b33d30>, <snowplow_tracker.self_describing_json.SelfDescribingJson object at 0x7fe575b33af0>]}
[0m23:07:14.537640 [debug] [MainThread]: Flushing usage events
[0m23:07:14.924715 [debug] [MainThread]: An error was encountered while trying to flush usage events
